[2024-05-14 18:01:59.495] [INFO ] [Provision.java:130] fetching data for ["1"]
[2024-05-14 18:02:59.496] [INFO ] [Provision.java:130] fetching data for ["1"]
[2024-05-14 18:27:46.801] [INFO ] [Provision.java:130] fetching data for ["1"]
[2024-05-14 18:28:26.796] [INFO ] [Provision.java:130] fetching data for ["2"]
[2024-05-14 18:28:46.799] [INFO ] [Provision.java:130] fetching data for ["1"]
[2024-05-14 18:29:26.792] [INFO ] [Provision.java:130] fetching data for ["2"]
[2024-05-14 18:29:46.797] [INFO ] [Provision.java:130] fetching data for ["1"]
[2024-05-14 18:30:26.797] [INFO ] [Provision.java:130] fetching data for ["2"]
[2024-05-14 18:30:46.790] [INFO ] [Provision.java:130] fetching data for ["1"]
[2024-05-15 10:55:45.868] [INFO ] [Provision.java:130] fetching data for ["1"]
[2024-05-15 10:55:47.888] [ERROR] [Provision.java:144] there is data to be poll: all request device are down
[2024-05-15 10:56:45.867] [INFO ] [Provision.java:130] fetching data for ["1"]
[2024-05-15 10:57:45.865] [INFO ] [Provision.java:130] fetching data for ["1"]
[2024-05-15 10:57:48.872] [ERROR] [Provision.java:144] there is data to be poll: all request device are down
[2024-05-15 10:58:45.867] [INFO ] [Provision.java:130] fetching data for ["1"]
[2024-05-15 10:58:48.878] [ERROR] [Provision.java:144] there is data to be poll: all request device are down
[2024-05-15 10:59:45.867] [INFO ] [Provision.java:130] fetching data for ["1"]
[2024-05-15 11:00:45.867] [INFO ] [Provision.java:130] fetching data for ["1"]
[2024-05-15 11:00:48.878] [ERROR] [Provision.java:144] there is data to be poll: all request device are down
[2024-05-15 11:01:45.864] [INFO ] [Provision.java:130] fetching data for ["1"]
[2024-05-15 11:02:45.866] [INFO ] [Provision.java:130] fetching data for ["1"]
[2024-05-15 11:03:45.867] [INFO ] [Provision.java:130] fetching data for ["1"]
[2024-05-15 11:04:45.867] [INFO ] [Provision.java:130] fetching data for ["1"]
[2024-05-15 11:04:47.952] [ERROR] [Provision.java:144] there is data to be poll: all request device are down
[2024-05-15 11:05:45.861] [INFO ] [Provision.java:130] fetching data for ["1"]
[2024-05-15 11:06:45.865] [INFO ] [Provision.java:130] fetching data for ["1"]
[2024-05-15 11:07:45.867] [INFO ] [Provision.java:130] fetching data for ["1"]
[2024-05-15 11:08:45.863] [INFO ] [Provision.java:130] fetching data for ["1"]
[2024-05-15 11:09:45.867] [INFO ] [Provision.java:130] fetching data for ["1"]
[2024-05-15 11:10:45.863] [INFO ] [Provision.java:130] fetching data for ["1"]
[2024-05-15 11:10:48.821] [ERROR] [Provision.java:144] there is data to be poll: all request device are down
[2024-05-15 11:11:45.866] [INFO ] [Provision.java:130] fetching data for ["1"]
[2024-05-15 11:11:48.878] [ERROR] [Provision.java:144] there is data to be poll: all request device are down
[2024-05-15 11:12:45.861] [INFO ] [Provision.java:130] fetching data for ["1"]
[2024-05-15 11:12:48.874] [ERROR] [Provision.java:144] there is data to be poll: all request device are down
[2024-05-15 11:13:45.865] [INFO ] [Provision.java:130] fetching data for ["1"]
[2024-05-15 11:14:45.866] [INFO ] [Provision.java:130] fetching data for ["1"]
[2024-05-15 11:15:45.862] [INFO ] [Provision.java:130] fetching data for ["1"]
[2024-05-15 11:16:45.866] [INFO ] [Provision.java:130] fetching data for ["1"]
[2024-05-15 11:17:45.866] [INFO ] [Provision.java:130] fetching data for ["1"]
[2024-05-15 11:18:45.866] [INFO ] [Provision.java:130] fetching data for ["1"]
[2024-05-15 11:19:45.866] [INFO ] [Provision.java:130] fetching data for ["1"]
[2024-05-15 11:20:45.865] [INFO ] [Provision.java:130] fetching data for ["1"]
[2024-05-15 11:21:45.867] [INFO ] [Provision.java:130] fetching data for ["1"]
[2024-05-15 11:22:45.866] [INFO ] [Provision.java:130] fetching data for ["1"]
[2024-05-15 11:23:45.867] [INFO ] [Provision.java:130] fetching data for ["1"]
[2024-05-15 11:23:48.878] [ERROR] [Provision.java:144] there is data to be poll: all request device are down
[2024-05-15 11:24:45.866] [INFO ] [Provision.java:130] fetching data for ["1"]
[2024-05-15 11:25:45.860] [INFO ] [Provision.java:130] fetching data for ["1"]
[2024-05-15 11:25:48.234] [ERROR] [Provision.java:144] there is data to be poll: all request device are down
[2024-05-15 11:26:45.862] [INFO ] [Provision.java:130] fetching data for ["1"]
[2024-05-15 11:27:45.866] [INFO ] [Provision.java:130] fetching data for ["1"]
[2024-05-15 11:28:45.865] [INFO ] [Provision.java:130] fetching data for ["1"]
[2024-05-15 11:29:45.866] [INFO ] [Provision.java:130] fetching data for ["1"]
[2024-05-15 11:30:45.866] [INFO ] [Provision.java:130] fetching data for ["1"]
[2024-05-15 11:31:45.865] [INFO ] [Provision.java:130] fetching data for ["1"]
[2024-05-15 11:32:45.865] [INFO ] [Provision.java:130] fetching data for ["1"]
[2024-05-15 11:33:45.866] [INFO ] [Provision.java:130] fetching data for ["1"]
[2024-05-15 11:34:45.866] [INFO ] [Provision.java:130] fetching data for ["1"]
[2024-05-15 11:35:45.866] [INFO ] [Provision.java:130] fetching data for ["1"]
[2024-05-15 11:36:45.866] [INFO ] [Provision.java:130] fetching data for ["1"]
[2024-05-15 11:37:45.864] [INFO ] [Provision.java:130] fetching data for ["1"]
[2024-05-15 11:38:45.867] [INFO ] [Provision.java:130] fetching data for ["1"]
[2024-05-15 11:39:45.866] [INFO ] [Provision.java:130] fetching data for ["1"]
[2024-05-15 11:40:45.866] [INFO ] [Provision.java:130] fetching data for ["1"]
[2024-05-15 11:41:45.866] [INFO ] [Provision.java:130] fetching data for ["1"]
[2024-05-15 11:42:45.865] [INFO ] [Provision.java:130] fetching data for ["1"]
[2024-05-15 11:43:45.866] [INFO ] [Provision.java:130] fetching data for ["1"]
[2024-05-15 11:44:45.866] [INFO ] [Provision.java:130] fetching data for ["1"]
[2024-05-15 11:45:45.866] [INFO ] [Provision.java:130] fetching data for ["1"]
[2024-05-15 11:46:45.865] [INFO ] [Provision.java:130] fetching data for ["1"]
[2024-05-15 11:47:45.866] [INFO ] [Provision.java:130] fetching data for ["1"]
[2024-05-15 11:48:45.866] [INFO ] [Provision.java:130] fetching data for ["1"]
[2024-05-15 11:49:45.864] [INFO ] [Provision.java:130] fetching data for ["1"]
[2024-05-15 11:50:45.866] [INFO ] [Provision.java:130] fetching data for ["1"]
[2024-05-15 11:51:45.865] [INFO ] [Provision.java:130] fetching data for ["1"]
[2024-05-15 11:52:45.866] [INFO ] [Provision.java:130] fetching data for ["1"]
[2024-05-15 11:53:45.866] [INFO ] [Provision.java:130] fetching data for ["1"]
[2024-05-15 11:54:45.865] [INFO ] [Provision.java:130] fetching data for ["1"]
[2024-05-15 11:55:45.859] [INFO ] [Provision.java:130] fetching data for ["1"]
[2024-05-15 11:56:45.866] [INFO ] [Provision.java:130] fetching data for ["1"]
[2024-05-15 11:57:45.866] [INFO ] [Provision.java:130] fetching data for ["1"]
[2024-05-15 11:58:45.863] [INFO ] [Provision.java:130] fetching data for ["1"]
[2024-05-15 11:59:45.866] [INFO ] [Provision.java:130] fetching data for ["1"]
[2024-05-15 12:00:45.866] [INFO ] [Provision.java:130] fetching data for ["1"]
[2024-05-15 12:01:45.866] [INFO ] [Provision.java:130] fetching data for ["1"]
[2024-05-15 12:02:45.866] [INFO ] [Provision.java:130] fetching data for ["1"]
[2024-05-15 12:03:45.866] [INFO ] [Provision.java:130] fetching data for ["1"]
[2024-05-15 12:04:45.866] [INFO ] [Provision.java:130] fetching data for ["1"]
[2024-05-15 12:05:45.866] [INFO ] [Provision.java:130] fetching data for ["1"]
[2024-05-15 12:06:45.864] [INFO ] [Provision.java:130] fetching data for ["1"]
[2024-05-15 12:07:45.866] [INFO ] [Provision.java:130] fetching data for ["1"]
[2024-05-15 12:08:45.863] [INFO ] [Provision.java:130] fetching data for ["1"]
[2024-05-15 12:09:45.866] [INFO ] [Provision.java:130] fetching data for ["1"]
[2024-05-15 12:10:45.862] [INFO ] [Provision.java:130] fetching data for ["1"]
[2024-05-15 12:11:45.862] [INFO ] [Provision.java:130] fetching data for ["1"]
[2024-05-15 12:12:45.866] [INFO ] [Provision.java:130] fetching data for ["1"]
[2024-05-15 12:13:45.858] [INFO ] [Provision.java:130] fetching data for ["1"]
[2024-05-15 12:14:45.866] [INFO ] [Provision.java:130] fetching data for ["1"]
[2024-05-15 12:15:45.858] [INFO ] [Provision.java:130] fetching data for ["1"]
[2024-05-15 12:16:45.866] [INFO ] [Provision.java:130] fetching data for ["1"]
[2024-05-15 12:17:45.865] [INFO ] [Provision.java:130] fetching data for ["1"]
[2024-05-15 12:18:45.865] [INFO ] [Provision.java:130] fetching data for ["1"]
[2024-05-15 12:19:45.865] [INFO ] [Provision.java:130] fetching data for ["1"]
[2024-05-15 12:20:45.866] [INFO ] [Provision.java:130] fetching data for ["1"]
[2024-05-15 12:21:45.866] [INFO ] [Provision.java:130] fetching data for ["1"]
[2024-05-15 12:22:45.866] [INFO ] [Provision.java:130] fetching data for ["1"]
[2024-05-15 12:23:45.862] [INFO ] [Provision.java:130] fetching data for ["1"]
[2024-05-15 12:24:45.866] [INFO ] [Provision.java:130] fetching data for ["1"]
[2024-05-15 12:25:45.866] [INFO ] [Provision.java:130] fetching data for ["1"]
[2024-05-15 12:26:45.866] [INFO ] [Provision.java:130] fetching data for ["1"]
[2024-05-15 12:27:45.866] [INFO ] [Provision.java:130] fetching data for ["1"]
[2024-05-15 12:28:45.866] [INFO ] [Provision.java:130] fetching data for ["1"]
[2024-05-15 12:29:45.859] [INFO ] [Provision.java:130] fetching data for ["1"]
[2024-05-15 12:30:45.866] [INFO ] [Provision.java:130] fetching data for ["1"]
[2024-05-15 12:31:45.858] [INFO ] [Provision.java:130] fetching data for ["1"]
[2024-05-15 12:32:45.865] [INFO ] [Provision.java:130] fetching data for ["1"]
[2024-05-15 12:33:45.866] [INFO ] [Provision.java:130] fetching data for ["1"]
[2024-05-15 12:34:45.866] [INFO ] [Provision.java:130] fetching data for ["1"]
[2024-05-15 12:35:45.866] [INFO ] [Provision.java:130] fetching data for ["1"]
[2024-05-15 12:36:45.865] [INFO ] [Provision.java:130] fetching data for ["1"]
[2024-05-15 12:37:45.865] [INFO ] [Provision.java:130] fetching data for ["1"]
[2024-05-15 12:38:45.865] [INFO ] [Provision.java:130] fetching data for ["1"]
[2024-05-15 12:39:45.862] [INFO ] [Provision.java:130] fetching data for ["1"]
[2024-05-15 12:40:45.866] [INFO ] [Provision.java:130] fetching data for ["1"]
[2024-05-15 12:41:45.861] [INFO ] [Provision.java:130] fetching data for ["1"]
[2024-05-15 12:42:45.866] [INFO ] [Provision.java:130] fetching data for ["1"]
[2024-05-15 12:43:45.866] [INFO ] [Provision.java:130] fetching data for ["1"]
[2024-05-15 12:44:45.864] [INFO ] [Provision.java:130] fetching data for ["1"]
[2024-05-15 12:45:45.863] [INFO ] [Provision.java:130] fetching data for ["1"]
[2024-05-15 12:46:45.866] [INFO ] [Provision.java:130] fetching data for ["1"]
[2024-05-15 12:47:45.864] [INFO ] [Provision.java:130] fetching data for ["1"]
[2024-05-15 12:48:45.866] [INFO ] [Provision.java:130] fetching data for ["1"]
[2024-05-15 12:49:45.866] [INFO ] [Provision.java:130] fetching data for ["1"]
[2024-05-15 12:50:45.866] [INFO ] [Provision.java:130] fetching data for ["1"]
[2024-05-15 12:51:45.866] [INFO ] [Provision.java:130] fetching data for ["1"]
[2024-05-15 12:52:45.865] [INFO ] [Provision.java:130] fetching data for ["1"]
[2024-05-15 12:53:45.862] [INFO ] [Provision.java:130] fetching data for ["1"]
[2024-05-15 12:54:45.865] [INFO ] [Provision.java:130] fetching data for ["1"]
[2024-05-15 12:55:45.865] [INFO ] [Provision.java:130] fetching data for ["1"]
[2024-05-15 12:56:45.866] [INFO ] [Provision.java:130] fetching data for ["1"]
[2024-05-15 12:57:45.866] [INFO ] [Provision.java:130] fetching data for ["1"]
[2024-05-15 12:58:45.862] [INFO ] [Provision.java:130] fetching data for ["1"]
[2024-05-15 13:00:35.445] [INFO ] [Provision.java:130] fetching data for ["1"]
[2024-05-15 13:01:35.445] [INFO ] [Provision.java:130] fetching data for ["1"]
[2024-05-15 13:04:07.212] [INFO ] [Provision.java:130] fetching data for ["1"]
[2024-05-15 13:05:07.208] [INFO ] [Provision.java:130] fetching data for ["1"]
[2024-05-15 13:06:07.207] [INFO ] [Provision.java:130] fetching data for ["1"]
[2024-05-15 13:08:43.877] [INFO ] [Provision.java:130] fetching data for ["1"]
[2024-05-15 13:08:43.877] [INFO ] [Provision.java:130] fetching data for ["1"]
[2024-05-15 13:08:43.878] [INFO ] [Provision.java:130] fetching data for ["1"]
[2024-05-15 13:08:43.878] [INFO ] [Provision.java:130] fetching data for ["1"]
[2024-05-15 13:10:24.967] [INFO ] [vert.x-eventloop-thread-4] [Provision.java:130] fetching data for ["1"]
[2024-05-15 13:11:24.963] [INFO ] [vert.x-eventloop-thread-4] [Provision.java:130] fetching data for ["1"]
[2024-05-15 13:12:24.963] [INFO ] [vert.x-eventloop-thread-4] [Provision.java:130] fetching data for ["1"]
[2024-05-15 13:16:39.465] [INFO ] [vert.x-eventloop-thread-4] [Provision.java:130] fetching data for ["1"]
[2024-05-15 13:17:39.464] [INFO ] [vert.x-eventloop-thread-4] [Provision.java:130] fetching data for ["1"]
[2024-05-15 13:20:20.428] [INFO ] [vert.x-eventloop-thread-4] [Provision.java:130] fetching data for ["1"]
[2024-05-15 13:21:21.683] [INFO ] [vert.x-eventloop-thread-4] [Provision.java:130] fetching data for ["1"]
[2024-05-15 13:22:20.423] [INFO ] [vert.x-eventloop-thread-4] [Provision.java:130] fetching data for ["1"]
[2024-05-15 13:23:20.423] [INFO ] [vert.x-eventloop-thread-4] [Provision.java:130] fetching data for ["1"]
[2024-05-15 13:24:20.426] [INFO ] [vert.x-eventloop-thread-4] [Provision.java:130] fetching data for ["1"]
[2024-05-15 13:25:20.427] [INFO ] [vert.x-eventloop-thread-4] [Provision.java:130] fetching data for ["1"]
[2024-05-15 13:26:20.423] [INFO ] [vert.x-eventloop-thread-4] [Provision.java:130] fetching data for ["1"]
[2024-05-15 13:27:20.426] [INFO ] [vert.x-eventloop-thread-4] [Provision.java:130] fetching data for ["1"]
[2024-05-15 13:28:20.422] [INFO ] [vert.x-eventloop-thread-4] [Provision.java:130] fetching data for ["1"]
[2024-05-15 13:29:20.426] [INFO ] [vert.x-eventloop-thread-4] [Provision.java:130] fetching data for ["1"]
[2024-05-15 13:30:20.422] [INFO ] [vert.x-eventloop-thread-4] [Provision.java:130] fetching data for ["1"]
[2024-05-15 13:31:20.424] [INFO ] [vert.x-eventloop-thread-4] [Provision.java:130] fetching data for ["1"]
[2024-05-15 13:32:20.417] [INFO ] [vert.x-eventloop-thread-4] [Provision.java:130] fetching data for ["1"]
[2024-05-15 13:33:20.426] [INFO ] [vert.x-eventloop-thread-4] [Provision.java:130] fetching data for ["1"]
[2024-05-15 13:34:20.423] [INFO ] [vert.x-eventloop-thread-4] [Provision.java:130] fetching data for ["1"]
[2024-05-15 13:35:20.426] [INFO ] [vert.x-eventloop-thread-4] [Provision.java:130] fetching data for ["1"]
[2024-05-15 13:36:20.422] [INFO ] [vert.x-eventloop-thread-4] [Provision.java:130] fetching data for ["1"]
[2024-05-15 15:01:52.373] [INFO ] [vert.x-eventloop-thread-4] [Provision.java:69] invalid request format
[2024-05-15 15:02:34.263] [INFO ] [vert.x-eventloop-thread-4] [Provision.java:69] invalid request format
[2024-05-15 15:04:26.293] [INFO ] [vert.x-eventloop-thread-4] [Provision.java:69] invalid request format
[2024-05-15 15:04:29.546] [INFO ] [vert.x-eventloop-thread-4] [Provision.java:69] invalid request format
[2024-05-15 15:04:29.741] [INFO ] [vert.x-eventloop-thread-4] [Provision.java:69] invalid request format
[2024-05-15 15:04:30.089] [INFO ] [vert.x-eventloop-thread-4] [Provision.java:69] invalid request format
[2024-05-15 15:05:30.000] [WARN ] [vert.x-eventloop-thread-4] [Provision.java:85] unable to DELETE discovery profiles from DB
[2024-05-15 15:06:06.086] [WARN ] [vert.x-eventloop-thread-4] [Provision.java:85] unable to DELETE discovery profiles from DB
[2024-05-15 15:06:08.350] [WARN ] [vert.x-eventloop-thread-4] [Provision.java:85] unable to DELETE discovery profiles from DB
[2024-05-15 15:06:09.436] [WARN ] [vert.x-eventloop-thread-4] [Provision.java:85] unable to DELETE discovery profiles from DB
[2024-05-15 15:06:09.669] [WARN ] [vert.x-eventloop-thread-4] [Provision.java:85] unable to DELETE discovery profiles from DB
[2024-05-15 15:06:09.872] [WARN ] [vert.x-eventloop-thread-4] [Provision.java:85] unable to DELETE discovery profiles from DB
[2024-05-15 15:06:10.038] [WARN ] [vert.x-eventloop-thread-4] [Provision.java:85] unable to DELETE discovery profiles from DB
[2024-05-15 15:06:10.249] [WARN ] [vert.x-eventloop-thread-4] [Provision.java:85] unable to DELETE discovery profiles from DB
[2024-05-15 15:27:14.739] [INFO ] [vert.x-eventloop-thread-4] [Provision.java:165] fetching data for ["5","6"]
[2024-05-15 15:27:34.731] [INFO ] [vert.x-eventloop-thread-4] [Provision.java:165] fetching data for ["8","7"]
[2024-05-15 15:27:54.739] [INFO ] [vert.x-eventloop-thread-4] [Provision.java:165] fetching data for ["9"]
[2024-05-15 15:28:14.738] [INFO ] [vert.x-eventloop-thread-4] [Provision.java:165] fetching data for ["5","6"]
[2024-05-15 15:28:34.734] [INFO ] [vert.x-eventloop-thread-4] [Provision.java:165] fetching data for ["8","7"]
[2024-05-15 15:28:54.739] [INFO ] [vert.x-eventloop-thread-4] [Provision.java:165] fetching data for ["9"]
[2024-05-15 15:29:14.739] [INFO ] [vert.x-eventloop-thread-4] [Provision.java:165] fetching data for ["5","6"]
[2024-05-15 15:29:34.731] [INFO ] [vert.x-eventloop-thread-4] [Provision.java:165] fetching data for ["8","7"]
[2024-05-15 15:29:54.739] [INFO ] [vert.x-eventloop-thread-4] [Provision.java:165] fetching data for ["9"]
[2024-05-15 15:30:14.739] [INFO ] [vert.x-eventloop-thread-4] [Provision.java:165] fetching data for ["5","6"]
[2024-05-15 15:30:34.735] [INFO ] [vert.x-eventloop-thread-4] [Provision.java:165] fetching data for ["8","7"]
[2024-05-15 15:30:54.739] [INFO ] [vert.x-eventloop-thread-4] [Provision.java:165] fetching data for ["9"]
[2024-05-15 15:31:14.738] [INFO ] [vert.x-eventloop-thread-4] [Provision.java:165] fetching data for ["5","6"]
[2024-05-15 15:31:34.734] [INFO ] [vert.x-eventloop-thread-4] [Provision.java:165] fetching data for ["8","7"]
[2024-05-15 15:31:54.738] [INFO ] [vert.x-eventloop-thread-4] [Provision.java:165] fetching data for ["9"]
[2024-05-15 15:32:14.735] [INFO ] [vert.x-eventloop-thread-4] [Provision.java:165] fetching data for ["5","6"]
[2024-05-15 15:32:34.735] [INFO ] [vert.x-eventloop-thread-4] [Provision.java:165] fetching data for ["8","7"]
[2024-05-15 15:32:54.736] [INFO ] [vert.x-eventloop-thread-4] [Provision.java:165] fetching data for ["9"]
[2024-05-15 15:33:14.738] [INFO ] [vert.x-eventloop-thread-4] [Provision.java:165] fetching data for ["5","6"]
[2024-05-15 15:33:34.734] [INFO ] [vert.x-eventloop-thread-4] [Provision.java:165] fetching data for ["8","7"]
[2024-05-15 15:33:54.738] [INFO ] [vert.x-eventloop-thread-4] [Provision.java:165] fetching data for ["9"]
[2024-05-15 15:34:14.737] [INFO ] [vert.x-eventloop-thread-4] [Provision.java:165] fetching data for ["5","6"]
[2024-05-15 15:34:34.734] [INFO ] [vert.x-eventloop-thread-4] [Provision.java:165] fetching data for ["8","7"]
[2024-05-15 15:34:54.738] [INFO ] [vert.x-eventloop-thread-4] [Provision.java:165] fetching data for ["9"]
[2024-05-15 15:35:14.731] [INFO ] [vert.x-eventloop-thread-4] [Provision.java:165] fetching data for ["5","6"]
[2024-05-15 15:35:34.734] [INFO ] [vert.x-eventloop-thread-4] [Provision.java:165] fetching data for ["8","7"]
[2024-05-15 15:35:54.738] [INFO ] [vert.x-eventloop-thread-4] [Provision.java:165] fetching data for ["9"]
[2024-05-15 15:36:14.739] [INFO ] [vert.x-eventloop-thread-4] [Provision.java:165] fetching data for ["5","6"]
[2024-05-15 15:36:34.735] [INFO ] [vert.x-eventloop-thread-4] [Provision.java:165] fetching data for ["8","7"]
[2024-05-15 15:36:54.738] [INFO ] [vert.x-eventloop-thread-4] [Provision.java:165] fetching data for ["9"]
[2024-05-15 15:37:14.738] [INFO ] [vert.x-eventloop-thread-4] [Provision.java:165] fetching data for ["5","6"]
[2024-05-15 15:37:34.734] [INFO ] [vert.x-eventloop-thread-4] [Provision.java:165] fetching data for ["8","7"]
[2024-05-15 15:37:54.738] [INFO ] [vert.x-eventloop-thread-4] [Provision.java:165] fetching data for ["9"]
[2024-05-15 15:38:14.738] [INFO ] [vert.x-eventloop-thread-4] [Provision.java:165] fetching data for ["5","6"]
[2024-05-15 15:38:34.734] [INFO ] [vert.x-eventloop-thread-4] [Provision.java:165] fetching data for ["8","7"]
[2024-05-15 15:38:54.738] [INFO ] [vert.x-eventloop-thread-4] [Provision.java:165] fetching data for ["9"]
[2024-05-15 15:39:14.733] [INFO ] [vert.x-eventloop-thread-4] [Provision.java:165] fetching data for ["5","6"]
[2024-05-15 15:39:34.734] [INFO ] [vert.x-eventloop-thread-4] [Provision.java:165] fetching data for ["8","7"]
[2024-05-15 15:39:54.738] [INFO ] [vert.x-eventloop-thread-4] [Provision.java:165] fetching data for ["9"]
[2024-05-15 15:40:14.733] [INFO ] [vert.x-eventloop-thread-4] [Provision.java:165] fetching data for ["5","6"]
[2024-05-15 15:40:34.735] [INFO ] [vert.x-eventloop-thread-4] [Provision.java:165] fetching data for ["8","7"]
[2024-05-15 15:40:54.738] [INFO ] [vert.x-eventloop-thread-4] [Provision.java:165] fetching data for ["9"]
[2024-05-15 15:41:14.738] [INFO ] [vert.x-eventloop-thread-4] [Provision.java:165] fetching data for ["5","6"]
[2024-05-15 15:41:34.734] [INFO ] [vert.x-eventloop-thread-4] [Provision.java:165] fetching data for ["8","7"]
[2024-05-15 15:41:54.738] [INFO ] [vert.x-eventloop-thread-4] [Provision.java:165] fetching data for ["9"]
[2024-05-15 15:42:14.734] [INFO ] [vert.x-eventloop-thread-4] [Provision.java:165] fetching data for ["5","6"]
[2024-05-15 15:42:34.737] [INFO ] [vert.x-eventloop-thread-4] [Provision.java:165] fetching data for ["8","7"]
[2024-05-15 15:42:54.737] [INFO ] [vert.x-eventloop-thread-4] [Provision.java:165] fetching data for ["9"]
[2024-05-15 15:43:14.738] [INFO ] [vert.x-eventloop-thread-4] [Provision.java:165] fetching data for ["5","6"]
[2024-05-15 15:43:34.734] [INFO ] [vert.x-eventloop-thread-4] [Provision.java:165] fetching data for ["8","7"]
[2024-05-15 15:43:54.738] [INFO ] [vert.x-eventloop-thread-4] [Provision.java:165] fetching data for ["9"]
[2024-05-15 15:44:14.737] [INFO ] [vert.x-eventloop-thread-4] [Provision.java:165] fetching data for ["5","6"]
[2024-05-15 15:44:34.737] [INFO ] [vert.x-eventloop-thread-4] [Provision.java:165] fetching data for ["8","7"]
[2024-05-15 15:44:54.739] [INFO ] [vert.x-eventloop-thread-4] [Provision.java:165] fetching data for ["9"]
[2024-05-15 15:45:14.737] [INFO ] [vert.x-eventloop-thread-4] [Provision.java:165] fetching data for ["5","6"]
[2024-05-15 15:45:34.734] [INFO ] [vert.x-eventloop-thread-4] [Provision.java:165] fetching data for ["8","7"]
[2024-05-15 15:45:54.738] [INFO ] [vert.x-eventloop-thread-4] [Provision.java:165] fetching data for ["9"]
[2024-05-15 15:46:14.737] [INFO ] [vert.x-eventloop-thread-4] [Provision.java:165] fetching data for ["5","6"]
[2024-05-15 15:46:34.733] [INFO ] [vert.x-eventloop-thread-4] [Provision.java:165] fetching data for ["8","7"]
[2024-05-15 15:46:54.738] [INFO ] [vert.x-eventloop-thread-4] [Provision.java:165] fetching data for ["9"]
[2024-05-15 15:47:14.738] [INFO ] [vert.x-eventloop-thread-4] [Provision.java:165] fetching data for ["5","6"]
[2024-05-15 15:47:34.730] [INFO ] [vert.x-eventloop-thread-4] [Provision.java:165] fetching data for ["8","7"]
[2024-05-15 15:47:54.738] [INFO ] [vert.x-eventloop-thread-4] [Provision.java:165] fetching data for ["9"]
[2024-05-15 15:48:14.738] [INFO ] [vert.x-eventloop-thread-4] [Provision.java:165] fetching data for ["5","6"]
[2024-05-15 15:48:34.735] [INFO ] [vert.x-eventloop-thread-4] [Provision.java:165] fetching data for ["8","7"]
[2024-05-15 15:48:54.738] [INFO ] [vert.x-eventloop-thread-4] [Provision.java:165] fetching data for ["9"]
[2024-05-15 15:49:14.737] [INFO ] [vert.x-eventloop-thread-4] [Provision.java:165] fetching data for ["5","6"]
[2024-05-15 16:01:39.919] [INFO ] [vert.x-eventloop-thread-4] [Provision.java:165] fetching data for ["4"]
[2024-05-15 16:02:39.919] [INFO ] [vert.x-eventloop-thread-4] [Provision.java:165] fetching data for ["4"]
[2024-05-15 16:03:09.920] [INFO ] [vert.x-eventloop-thread-4] [Provision.java:165] fetching data for ["5"]
[2024-05-15 16:03:39.915] [INFO ] [vert.x-eventloop-thread-4] [Provision.java:165] fetching data for ["4"]
[2024-05-15 16:04:09.918] [INFO ] [vert.x-eventloop-thread-4] [Provision.java:165] fetching data for ["5"]
[2024-05-15 16:04:39.922] [INFO ] [vert.x-eventloop-thread-4] [Provision.java:165] fetching data for ["4"]
[2024-05-15 16:04:59.920] [INFO ] [vert.x-eventloop-thread-4] [Provision.java:165] fetching data for ["6","7"]
[2024-05-15 16:05:09.915] [INFO ] [vert.x-eventloop-thread-4] [Provision.java:165] fetching data for ["5"]
[2024-05-15 16:05:39.920] [INFO ] [vert.x-eventloop-thread-4] [Provision.java:165] fetching data for ["4"]
[2024-05-15 16:05:59.919] [INFO ] [vert.x-eventloop-thread-4] [Provision.java:165] fetching data for ["6","7"]
[2024-05-15 16:06:09.914] [INFO ] [vert.x-eventloop-thread-4] [Provision.java:165] fetching data for ["5"]
[2024-05-15 16:06:39.920] [INFO ] [vert.x-eventloop-thread-4] [Provision.java:165] fetching data for ["4"]
[2024-05-15 16:06:59.918] [INFO ] [vert.x-eventloop-thread-4] [Provision.java:165] fetching data for ["6","7"]
[2024-05-15 16:07:09.914] [INFO ] [vert.x-eventloop-thread-4] [Provision.java:165] fetching data for ["5"]
[2024-05-15 16:07:39.920] [INFO ] [vert.x-eventloop-thread-4] [Provision.java:165] fetching data for ["4"]
[2024-05-15 16:07:59.918] [INFO ] [vert.x-eventloop-thread-4] [Provision.java:165] fetching data for ["6","7"]
[2024-05-15 16:08:09.915] [INFO ] [vert.x-eventloop-thread-4] [Provision.java:165] fetching data for ["5"]
[2024-05-15 16:08:39.917] [INFO ] [vert.x-eventloop-thread-4] [Provision.java:165] fetching data for ["4"]
[2024-05-15 16:10:53.508] [INFO ] [vert.x-eventloop-thread-4] [Provision.java:165] fetching data for ["1"]
[2024-05-15 16:11:53.509] [INFO ] [vert.x-eventloop-thread-4] [Provision.java:165] fetching data for ["1"]
[2024-05-15 16:12:53.511] [INFO ] [vert.x-eventloop-thread-4] [Provision.java:165] fetching data for ["1"]
[2024-05-15 16:13:53.511] [INFO ] [vert.x-eventloop-thread-4] [Provision.java:165] fetching data for ["1"]
[2024-05-15 16:14:53.510] [INFO ] [vert.x-eventloop-thread-4] [Provision.java:165] fetching data for ["1"]
[2024-05-15 16:18:00.993] [INFO ] [vert.x-eventloop-thread-4] [Provision.java:165] fetching data for ["1"]
[2024-05-15 16:22:58.942] [INFO ] [vert.x-eventloop-thread-4] [Provision.java:165] fetching data for ["5","6"]
[2024-05-15 16:23:28.947] [INFO ] [vert.x-eventloop-thread-4] [Provision.java:165] fetching data for ["7"]
[2024-05-15 16:23:38.943] [INFO ] [vert.x-eventloop-thread-4] [Provision.java:165] fetching data for ["8"]
[2024-05-15 16:23:48.943] [INFO ] [vert.x-eventloop-thread-4] [Provision.java:165] fetching data for ["9"]
[2024-05-15 16:23:58.943] [INFO ] [vert.x-eventloop-thread-4] [Provision.java:165] fetching data for ["5","6"]
[2024-05-15 16:24:28.950] [INFO ] [vert.x-eventloop-thread-4] [Provision.java:165] fetching data for ["7"]
[2024-05-15 16:24:38.943] [INFO ] [vert.x-eventloop-thread-4] [Provision.java:165] fetching data for ["8"]
[2024-05-15 16:24:48.942] [INFO ] [vert.x-eventloop-thread-4] [Provision.java:165] fetching data for ["9"]
[2024-05-15 16:24:58.942] [INFO ] [vert.x-eventloop-thread-4] [Provision.java:165] fetching data for ["5","6"]
[2024-05-15 16:25:28.947] [INFO ] [vert.x-eventloop-thread-4] [Provision.java:165] fetching data for ["7"]
[2024-05-15 16:25:38.943] [INFO ] [vert.x-eventloop-thread-4] [Provision.java:165] fetching data for ["8"]
[2024-05-15 16:25:48.941] [INFO ] [vert.x-eventloop-thread-4] [Provision.java:165] fetching data for ["9"]
[2024-05-15 16:25:58.943] [INFO ] [vert.x-eventloop-thread-4] [Provision.java:165] fetching data for ["5","6"]
[2024-05-15 16:26:28.946] [INFO ] [vert.x-eventloop-thread-4] [Provision.java:165] fetching data for ["7"]
[2024-05-15 16:26:38.942] [INFO ] [vert.x-eventloop-thread-4] [Provision.java:165] fetching data for ["8"]
[2024-05-15 16:26:48.943] [INFO ] [vert.x-eventloop-thread-4] [Provision.java:165] fetching data for ["9"]
[2024-05-15 16:26:58.943] [INFO ] [vert.x-eventloop-thread-4] [Provision.java:165] fetching data for ["5","6"]
[2024-05-15 16:27:28.941] [INFO ] [vert.x-eventloop-thread-4] [Provision.java:165] fetching data for ["7"]
[2024-05-15 16:27:38.943] [INFO ] [vert.x-eventloop-thread-4] [Provision.java:165] fetching data for ["8"]
[2024-05-15 16:27:48.943] [INFO ] [vert.x-eventloop-thread-4] [Provision.java:165] fetching data for ["9"]
[2024-05-15 16:27:58.943] [INFO ] [vert.x-eventloop-thread-4] [Provision.java:165] fetching data for ["5","6"]
[2024-05-15 16:28:28.945] [INFO ] [vert.x-eventloop-thread-4] [Provision.java:165] fetching data for ["7"]
[2024-05-15 16:28:38.941] [INFO ] [vert.x-eventloop-thread-4] [Provision.java:165] fetching data for ["8"]
[2024-05-15 16:28:48.943] [INFO ] [vert.x-eventloop-thread-4] [Provision.java:165] fetching data for ["9"]
[2024-05-15 16:28:58.943] [INFO ] [vert.x-eventloop-thread-4] [Provision.java:165] fetching data for ["5","6"]
[2024-05-15 16:29:28.941] [INFO ] [vert.x-eventloop-thread-4] [Provision.java:165] fetching data for ["7"]
[2024-05-15 16:29:38.942] [INFO ] [vert.x-eventloop-thread-4] [Provision.java:165] fetching data for ["8"]
[2024-05-15 16:29:48.941] [INFO ] [vert.x-eventloop-thread-4] [Provision.java:165] fetching data for ["9"]
[2024-05-15 16:29:58.943] [INFO ] [vert.x-eventloop-thread-4] [Provision.java:165] fetching data for ["5","6"]
[2024-05-15 16:30:28.947] [INFO ] [vert.x-eventloop-thread-4] [Provision.java:165] fetching data for ["7"]
[2024-05-15 16:30:38.941] [INFO ] [vert.x-eventloop-thread-4] [Provision.java:165] fetching data for ["8"]
[2024-05-15 16:30:48.943] [INFO ] [vert.x-eventloop-thread-4] [Provision.java:165] fetching data for ["9"]
[2024-05-15 16:30:58.942] [INFO ] [vert.x-eventloop-thread-4] [Provision.java:165] fetching data for ["5","6"]
[2024-05-15 16:31:28.946] [INFO ] [vert.x-eventloop-thread-4] [Provision.java:165] fetching data for ["7"]
[2024-05-15 16:31:38.943] [INFO ] [vert.x-eventloop-thread-4] [Provision.java:165] fetching data for ["8"]
[2024-05-15 16:31:48.942] [INFO ] [vert.x-eventloop-thread-4] [Provision.java:165] fetching data for ["9"]
[2024-05-15 16:31:58.942] [INFO ] [vert.x-eventloop-thread-4] [Provision.java:165] fetching data for ["5","6"]
[2024-05-15 16:32:28.946] [INFO ] [vert.x-eventloop-thread-4] [Provision.java:165] fetching data for ["7"]
[2024-05-15 16:32:38.942] [INFO ] [vert.x-eventloop-thread-4] [Provision.java:165] fetching data for ["8"]
[2024-05-15 16:32:48.941] [INFO ] [vert.x-eventloop-thread-4] [Provision.java:165] fetching data for ["9"]
[2024-05-15 16:32:58.942] [INFO ] [vert.x-eventloop-thread-4] [Provision.java:165] fetching data for ["5","6"]
[2024-05-15 16:33:28.946] [INFO ] [vert.x-eventloop-thread-4] [Provision.java:165] fetching data for ["7"]
[2024-05-15 16:33:38.942] [INFO ] [vert.x-eventloop-thread-4] [Provision.java:165] fetching data for ["8"]
[2024-05-15 16:33:48.942] [INFO ] [vert.x-eventloop-thread-4] [Provision.java:165] fetching data for ["9"]
[2024-05-15 16:33:58.942] [INFO ] [vert.x-eventloop-thread-4] [Provision.java:165] fetching data for ["5","6"]
[2024-05-15 16:34:28.946] [INFO ] [vert.x-eventloop-thread-4] [Provision.java:165] fetching data for ["7"]
[2024-05-15 16:34:38.942] [INFO ] [vert.x-eventloop-thread-4] [Provision.java:165] fetching data for ["8"]
[2024-05-15 16:34:48.942] [INFO ] [vert.x-eventloop-thread-4] [Provision.java:165] fetching data for ["9"]
[2024-05-15 16:34:58.942] [INFO ] [vert.x-eventloop-thread-4] [Provision.java:165] fetching data for ["5","6"]
[2024-05-15 16:35:28.949] [INFO ] [vert.x-eventloop-thread-4] [Provision.java:165] fetching data for ["7"]
[2024-05-15 16:35:38.942] [INFO ] [vert.x-eventloop-thread-4] [Provision.java:165] fetching data for ["8"]
[2024-05-15 16:35:48.941] [INFO ] [vert.x-eventloop-thread-4] [Provision.java:165] fetching data for ["9"]
[2024-05-15 16:35:58.940] [INFO ] [vert.x-eventloop-thread-4] [Provision.java:165] fetching data for ["5","6"]
[2024-05-15 16:36:28.947] [INFO ] [vert.x-eventloop-thread-4] [Provision.java:165] fetching data for ["7"]
[2024-05-15 16:36:38.941] [INFO ] [vert.x-eventloop-thread-4] [Provision.java:165] fetching data for ["8"]
[2024-05-15 17:44:31.399] [INFO ] [vert.x-eventloop-thread-4] [Provision.java:165] fetching data for ["1"]
[2024-05-15 17:45:31.400] [INFO ] [vert.x-eventloop-thread-4] [Provision.java:165] fetching data for ["1"]
[2024-05-15 17:45:33.432] [WARN ] [vert.x-eventloop-thread-4] [Provision.java:85] unable to DELETE discovery profiles from DB
[2024-05-15 17:45:53.934] [WARN ] [vert.x-eventloop-thread-4] [Provision.java:85] unable to DELETE discovery profiles from DB
